android/app/build/intermediates/manifest_merge_blame_file/debug/manifest-merger-blame-debug-report.txt
1<?xml version="1.0" encoding="utf-8"?>
2<manifest xmlns:android="http://schemas.android.com/apk/res/android"
3    package="com.reactnativemapexample"
4    android:versionCode="1"
5    android:versionName="1.0" >
6
7    <uses-sdk
8        android:minSdkVersion="16"
9        android:targetSdkVersion="28" />
10
11    <uses-permission android:name="android.permission.ACCESS_COARSE_LOCATION" />
11-->src\main\AndroidManifest.xml:4:5-81
11-->src\main\AndroidManifest.xml:4:22-78
12    <uses-permission android:name="android.permission.ACCESS_FINE_LOCATION" />
12-->src\main\AndroidManifest.xml:5:5-79
12-->src\main\AndroidManifest.xml:5:22-76
13    <uses-permission android:name="android.permission.INTERNET" />
13-->[com.facebook.flipper:flipper:0.33.1] AndroidManifest.xml:15:5-67
13-->[com.facebook.flipper:flipper:0.33.1] AndroidManifest.xml:15:22-64
14    <uses-permission android:name="android.permission.ACCESS_WIFI_STATE" /> <!-- Include required permissions for Google Maps API to run. -->
14-->[com.facebook.flipper:flipper:0.33.1] AndroidManifest.xml:16:5-76
14-->[com.facebook.flipper:flipper:0.33.1] AndroidManifest.xml:16:22-73
15    <uses-permission android:name="android.permission.ACCESS_NETWORK_STATE" />
15-->[com.google.android.gms:play-services-maps:17.0.0] AndroidManifest.xml:23:5-79
15-->[com.google.android.gms:play-services-maps:17.0.0] AndroidManifest.xml:23:22-76
16
17    <uses-feature
17-->[com.google.android.gms:play-services-maps:17.0.0] AndroidManifest.xml:26:5-28:35
18        android:glEsVersion="0x00020000"
18-->[com.google.android.gms:play-services-maps:17.0.0] AndroidManifest.xml:27:9-41
19        android:required="true" />
19-->[com.google.android.gms:play-services-maps:17.0.0] AndroidManifest.xml:28:9-32
20
21    <application
21-->src\main\AndroidManifest.xml:7:5-32:19
22        android:name="com.reactnativemapexample.MainApplication"
22-->src\main\AndroidManifest.xml:8:7-38
23        android:allowBackup="false"
23-->src\main\AndroidManifest.xml:12:7-34
24        android:appComponentFactory="androidx.core.app.CoreComponentFactory"
24-->[androidx.core:core:1.1.0] AndroidManifest.xml:24:18-86
25        android:debuggable="true"
26        android:icon="@mipmap/ic_launcher"
26-->src\main\AndroidManifest.xml:10:7-41
27        android:label="@string/app_name"
27-->src\main\AndroidManifest.xml:9:7-39
28        android:roundIcon="@mipmap/ic_launcher_round"
28-->src\main\AndroidManifest.xml:11:7-52
29        android:theme="@style/AppTheme"
29-->src\main\AndroidManifest.xml:13:7-38
30        android:usesCleartextTraffic="true" >
30-->src\debug\AndroidManifest.xml:8:18-53
31        <!--
32 <meta-data android:name="com.google.android.maps.v2.API_KEY"
33          android:value="AIzaSyDlSZf-YTqh_rBLyzjzB6VanBVm4xk6VvI"/>
34        -->
35        <meta-data
35-->src\main\AndroidManifest.xml:16:11-17:68
36            android:name="com.google.android.gms.version"
36-->src\main\AndroidManifest.xml:16:22-67
37            android:value="@integer/google_play_services_version" />
37-->src\main\AndroidManifest.xml:17:13-66
38        <meta-data
38-->src\main\AndroidManifest.xml:18:1-19:68
39            android:name="com.google.android.maps.v2.API_KEY"
39-->src\main\AndroidManifest.xml:18:12-61
40            android:value="AIzaSyDlSZf-YTqh_rBLyzjzB6VanBVm4xk6VvI" />
40-->src\main\AndroidManifest.xml:19:11-66
41
42        <activity
42-->src\main\AndroidManifest.xml:20:7-30:18
43            android:name="com.reactnativemapexample.MainActivity"
43-->src\main\AndroidManifest.xml:21:9-37
44            android:configChanges="keyboard|keyboardHidden|orientation|screenSize|uiMode"
44-->src\main\AndroidManifest.xml:23:9-86
45            android:label="@string/app_name"
45-->src\main\AndroidManifest.xml:22:9-41
46            android:launchMode="singleTask"
46-->src\main\AndroidManifest.xml:24:9-40
47            android:windowSoftInputMode="adjustResize" >
47-->src\main\AndroidManifest.xml:25:9-51
48            <intent-filter>
48-->src\main\AndroidManifest.xml:26:9-29:25
49                <action android:name="android.intent.action.MAIN" />
49-->src\main\AndroidManifest.xml:27:13-65
49-->src\main\AndroidManifest.xml:27:21-62
50
51                <category android:name="android.intent.category.LAUNCHER" />
51-->src\main\AndroidManifest.xml:28:13-73
51-->src\main\AndroidManifest.xml:28:23-70
52            </intent-filter>
53        </activity>
54        <activity android:name="com.facebook.react.devsupport.DevSettingsActivity" /> <!-- Needs to be explicitly declared on P+ -->
54-->src\main\AndroidManifest.xml:31:7-84
54-->src\main\AndroidManifest.xml:31:17-81
55        <uses-library
55-->[com.google.android.gms:play-services-maps:17.0.0] AndroidManifest.xml:33:9-35:40
56            android:name="org.apache.http.legacy"
56-->[com.google.android.gms:play-services-maps:17.0.0] AndroidManifest.xml:34:13-50
57            android:required="false" />
57-->[com.google.android.gms:play-services-maps:17.0.0] AndroidManifest.xml:35:13-37
58
59        <activity
59-->[com.google.android.gms:play-services-base:17.0.0] AndroidManifest.xml:23:9-26:75
60            android:name="com.google.android.gms.common.api.GoogleApiActivity"
60-->[com.google.android.gms:play-services-base:17.0.0] AndroidManifest.xml:24:13-79
61            android:exported="false"
61-->[com.google.android.gms:play-services-base:17.0.0] AndroidManifest.xml:25:13-37
62            android:theme="@android:style/Theme.Translucent.NoTitleBar" />
62-->[com.google.android.gms:play-services-base:17.0.0] AndroidManifest.xml:26:13-72
63    </application>
64
65</manifest>